<?xml version="1.0" encoding="UTF-8"?>
<testng-results skipped="0" failed="0" ignored="0" total="1" passed="1">
  <reporter-output>
  </reporter-output>
  <suite name="Default suite" duration-ms="22" started-at="2019-03-08T11:51:57Z" finished-at="2019-03-08T11:51:57Z">
    <groups>
    </groups>
    <test name="Default test" duration-ms="22" started-at="2019-03-08T11:51:57Z" finished-at="2019-03-08T11:51:57Z">
      <class name="pgk1.ListPriceSorterOdr">
        <test-method status="PASS" signature="firstTest()[pri:0, instance:pgk1.ListPriceSorterOdr@5dfcfece]" name="firstTest" duration-ms="0" started-at="2019-03-08T11:51:57Z" finished-at="2019-03-08T11:51:57Z">
          <reporter-output>
          </reporter-output>
        </test-method> <!-- firstTest -->
      </class> <!-- pgk1.ListPriceSorterOdr -->
    </test> <!-- Default test -->
  </suite> <!-- Default suite -->
</testng-results>
